Saved current collection of modules to: "jupyter_marcc_modules"

[STATUS] temporary screenrc at jupyter-notebook.54559777.tmp
[STATUS] executing in a screen
[STATUS] waiting for the server to start

[STATUS] Jupyter notebook server is ready!

[STATUS] Need custom modules?
         Close this notebook with ctrl+c (or scancel).
         Then, install a custom environment with:
             module load python/3.6-anaconda
             conda create -p ./path/to/my_env_name
             conda activate ./path/to/my_env_name
             conda install ipykernel
             conda install ... 
             pip install ... 
         then when you run this script (jupyter_notebook_start) again, 
         you will always see your custom environment ('my_env_name') 
         in the "New" notebook menu on jupyter.

[STATUS] additional details: 
         Forwarded port: 8897
         Remote server: compute0106
         Remote port: 8897
         SSH server: login.marcc.jhu.edu
         SSH login: yhuang98@jhu.edu
         SSH port: 22
         Credential: token: 56aa687c08df765765679d5580cc10dcecc46ef291094583

[STATUS] HOW TO ACCESS YOUR NOTEBOOK SERVER
[STATUS] from a terminal (on the same machine with your browser) you must run:

ssh -N -L 8897:compute0106:8897 yhuang98@jhu.edu@login.marcc.jhu.edu

[STATUS] once you connect, visit: 

http://localhost:8897/?token=56aa687c08df765765679d5580cc10dcecc46ef291094583

